<?xml version="1.0" encoding="UTF-8"?>
<!-- Generated by org.testng.reporters.JUnitXMLReporter -->
<testsuite hostname="DESKTOP-BSR4KSA" ignored="0" name="Surefire test" tests="10" failures="0" timestamp="2023-02-09T22:26:08 CST" time="8.783" errors="0">
  <testcase name="testPostUser" time="2.741" classname="api.Test.DDTest"/>
  <testcase name="testPostUser" time="0.35" classname="api.Test.DDTest"/>
  <testcase name="testPostUser" time="0.354" classname="api.Test.DDTest"/>
  <testcase name="testDelectUserByName" time="0.391" classname="api.Test.DDTest"/>
  <testcase name="testDelectUserByName" time="0.655" classname="api.Test.DDTest"/>
  <testcase name="testDelectUserByName" time="0.366" classname="api.Test.DDTest"/>
  <testcase name="testPostUser" time="0.421" classname="api.Test.UserTests"/>
  <testcase name="testGetUserByName" time="0.367" classname="api.Test.UserTests"/>
  <testcase name="testUpdateUserByName" time="0.764" classname="api.Test.UserTests"/>
  <testcase name="testDeleteUserByName" time="0.337" classname="api.Test.UserTests"/>
</testsuite> <!-- Surefire test -->
