<?xml version="1.0" encoding="UTF-8"?>
<!-- Generated by org.testng.reporters.JUnitXMLReporter -->
<testsuite hostname="DESKTOP-BSR4KSA" ignored="0" name="Default test" tests="4" failures="0" timestamp="2023-02-11T00:05:10 CST" time="5.517" errors="0">
  <testcase name="testPostUser" time="3.215" classname="api.Test.UserTests"/>
  <testcase name="testGetUserByName" time="0.398" classname="api.Test.UserTests"/>
  <testcase name="testUpdateUserByName" time="0.683" classname="api.Test.UserTests"/>
  <testcase name="testDeleteUserByName" time="0.341" classname="api.Test.UserTests"/>
</testsuite> <!-- Default test -->
