<?xml version="1.0" encoding="UTF-8"?>
<testng-results skipped="0" failed="0" ignored="0" total="4" passed="4">
  <reporter-output>
  </reporter-output>
  <suite name="AutoPetSuite" duration-ms="4853" started-at="2023-02-11T23:58:58 CST" finished-at="2023-02-11T23:59:03 CST">
    <groups>
    </groups>
    <test name="AutoPetTests" duration-ms="4853" started-at="2023-02-11T23:58:58 CST" finished-at="2023-02-11T23:59:03 CST">
      <class name="api.Test.UserTests2">
        <test-method status="PASS" signature="setupData()[pri:0, instance:api.Test.UserTests2@2b2948e2]" name="setupData" is-config="true" duration-ms="598" started-at="2023-02-11T23:58:58 CST" finished-at="2023-02-11T23:58:59 CST">
          <reporter-output>
          </reporter-output>
        </test-method> <!-- setupData -->
        <test-method status="PASS" signature="testPostUser()[pri:1, instance:api.Test.UserTests2@2b2948e2]" name="testPostUser" duration-ms="2514" started-at="2023-02-11T23:58:59 CST" finished-at="2023-02-11T23:59:01 CST">
          <reporter-output>
          </reporter-output>
        </test-method> <!-- testPostUser -->
        <test-method status="PASS" signature="testGetUserByName()[pri:2, instance:api.Test.UserTests2@2b2948e2]" name="testGetUserByName" duration-ms="378" started-at="2023-02-11T23:59:01 CST" finished-at="2023-02-11T23:59:02 CST">
          <reporter-output>
          </reporter-output>
        </test-method> <!-- testGetUserByName -->
        <test-method status="PASS" signature="testUpdateUserByName()[pri:3, instance:api.Test.UserTests2@2b2948e2]" name="testUpdateUserByName" duration-ms="727" started-at="2023-02-11T23:59:02 CST" finished-at="2023-02-11T23:59:02 CST">
          <reporter-output>
          </reporter-output>
        </test-method> <!-- testUpdateUserByName -->
        <test-method status="PASS" signature="testDeleteUserByName()[pri:4, instance:api.Test.UserTests2@2b2948e2]" name="testDeleteUserByName" duration-ms="369" started-at="2023-02-11T23:59:02 CST" finished-at="2023-02-11T23:59:03 CST">
          <reporter-output>
          </reporter-output>
        </test-method> <!-- testDeleteUserByName -->
      </class> <!-- api.Test.UserTests2 -->
    </test> <!-- AutoPetTests -->
  </suite> <!-- AutoPetSuite -->
</testng-results>
