<?xml version="1.0" encoding="UTF-8"?>
<testng-results skipped="0" failed="0" ignored="0" total="4" passed="4">
  <reporter-output>
  </reporter-output>
  <suite name="Default suite" duration-ms="5517" started-at="2023-02-11T00:05:04 CST" finished-at="2023-02-11T00:05:10 CST">
    <groups>
    </groups>
    <test name="Default test" duration-ms="5517" started-at="2023-02-11T00:05:04 CST" finished-at="2023-02-11T00:05:10 CST">
      <class name="api.Test.UserTests">
        <test-method status="PASS" signature="setupData()[pri:0, instance:api.Test.UserTests@396f6598]" name="setupData" is-config="true" duration-ms="844" started-at="2023-02-11T00:05:04 CST" finished-at="2023-02-11T00:05:05 CST">
          <reporter-output>
          </reporter-output>
        </test-method> <!-- setupData -->
        <test-method status="PASS" signature="testPostUser()[pri:1, instance:api.Test.UserTests@396f6598]" name="testPostUser" duration-ms="3215" started-at="2023-02-11T00:05:05 CST" finished-at="2023-02-11T00:05:08 CST">
          <reporter-output>
          </reporter-output>
        </test-method> <!-- testPostUser -->
        <test-method status="PASS" signature="testGetUserByName()[pri:2, instance:api.Test.UserTests@396f6598]" name="testGetUserByName" duration-ms="398" started-at="2023-02-11T00:05:08 CST" finished-at="2023-02-11T00:05:09 CST">
          <reporter-output>
          </reporter-output>
        </test-method> <!-- testGetUserByName -->
        <test-method status="PASS" signature="testUpdateUserByName()[pri:3, instance:api.Test.UserTests@396f6598]" name="testUpdateUserByName" duration-ms="683" started-at="2023-02-11T00:05:09 CST" finished-at="2023-02-11T00:05:09 CST">
          <reporter-output>
          </reporter-output>
        </test-method> <!-- testUpdateUserByName -->
        <test-method status="PASS" signature="testDeleteUserByName()[pri:4, instance:api.Test.UserTests@396f6598]" name="testDeleteUserByName" duration-ms="341" started-at="2023-02-11T00:05:09 CST" finished-at="2023-02-11T00:05:10 CST">
          <reporter-output>
          </reporter-output>
        </test-method> <!-- testDeleteUserByName -->
      </class> <!-- api.Test.UserTests -->
    </test> <!-- Default test -->
  </suite> <!-- Default suite -->
</testng-results>
