<?xml version="1.0" encoding="UTF-8"?>
<!-- Generated by org.testng.reporters.JUnitXMLReporter -->
<testsuite hostname="DESKTOP-BSR4KSA" ignored="0" name="AutoPetTests" tests="4" failures="0" timestamp="2023-02-09T19:24:53 CST" time="5.174" errors="0">
  <testcase name="testPostUser" time="2.645" classname="api.Test.UserTests2"/>
  <testcase name="testGetUserByName" time="0.403" classname="api.Test.UserTests2"/>
  <testcase name="testUpdateUserByName" time="0.687" classname="api.Test.UserTests2"/>
  <testcase name="testDeleteUserByName" time="0.366" classname="api.Test.UserTests2"/>
</testsuite> <!-- AutoPetTests -->
